running egg_info
writing ../../build/keyboard_input/keyboard_input.egg-info/PKG-INFO
writing dependency_links to ../../build/keyboard_input/keyboard_input.egg-info/dependency_links.txt
writing entry points to ../../build/keyboard_input/keyboard_input.egg-info/entry_points.txt
writing requirements to ../../build/keyboard_input/keyboard_input.egg-info/requires.txt
writing top-level names to ../../build/keyboard_input/keyboard_input.egg-info/top_level.txt
reading manifest file '../../build/keyboard_input/keyboard_input.egg-info/SOURCES.txt'
adding license file 'LICENSE'
writing manifest file '../../build/keyboard_input/keyboard_input.egg-info/SOURCES.txt'
running build
running build_py
copying keyboard_input/get_keyboard_input.py -> /home/badem-robot/ros2_ws/build/keyboard_input/build/lib/keyboard_input
running install
running install_lib
copying /home/badem-robot/ros2_ws/build/keyboard_input/build/lib/keyboard_input/get_keyboard_input.py -> /home/badem-robot/ros2_ws/install/keyboard_input/lib/python3.12/site-packages/keyboard_input
byte-compiling /home/badem-robot/ros2_ws/install/keyboard_input/lib/python3.12/site-packages/keyboard_input/get_keyboard_input.py to get_keyboard_input.cpython-312.pyc
running install_data
running install_egg_info
removing '/home/badem-robot/ros2_ws/install/keyboard_input/lib/python3.12/site-packages/keyboard_input-0.0.0-py3.12.egg-info' (and everything under it)
Copying ../../build/keyboard_input/keyboard_input.egg-info to /home/badem-robot/ros2_ws/install/keyboard_input/lib/python3.12/site-packages/keyboard_input-0.0.0-py3.12.egg-info
running install_scripts
Installing get_keyboard_input script to /home/badem-robot/ros2_ws/install/keyboard_input/lib/keyboard_input
writing list of installed files to '/home/badem-robot/ros2_ws/build/keyboard_input/install.log'
