[0.979s] Invoking command in '/home/encoder/Documents/badem/ros2_ws/src/keyboard_input': PYTHONPATH=/home/encoder/Documents/badem/ros2_ws/build/keyboard_input/prefix_override:/usr/lib/python3/dist-packages/colcon_core/task/python/colcon_distutils_commands:/home/encoder/Documents/badem/ros2_ws/install/keyboard_input/lib/python3.10/site-packages:${PYTHONPATH} /usr/bin/python3 -W ignore:setup.py install is deprecated -W ignore:easy_install command is deprecated setup.py egg_info --egg-base ../../build/keyboard_input build --build-base /home/encoder/Documents/badem/ros2_ws/build/keyboard_input/build install --record /home/encoder/Documents/badem/ros2_ws/build/keyboard_input/install.log --single-version-externally-managed
[1.315s] running egg_info
[1.315s] creating ../../build/keyboard_input/keyboard_input.egg-info
[1.316s] writing ../../build/keyboard_input/keyboard_input.egg-info/PKG-INFO
[1.316s] writing dependency_links to ../../build/keyboard_input/keyboard_input.egg-info/dependency_links.txt
[1.316s] writing entry points to ../../build/keyboard_input/keyboard_input.egg-info/entry_points.txt
[1.317s] writing requirements to ../../build/keyboard_input/keyboard_input.egg-info/requires.txt
[1.317s] writing top-level names to ../../build/keyboard_input/keyboard_input.egg-info/top_level.txt
[1.317s] writing manifest file '../../build/keyboard_input/keyboard_input.egg-info/SOURCES.txt'
[1.319s] reading manifest file '../../build/keyboard_input/keyboard_input.egg-info/SOURCES.txt'
[1.319s] adding license file 'LICENSE'
[1.320s] writing manifest file '../../build/keyboard_input/keyboard_input.egg-info/SOURCES.txt'
[1.321s] running build
[1.321s] running build_py
[1.321s] creating /home/encoder/Documents/badem/ros2_ws/build/keyboard_input/build
[1.321s] creating /home/encoder/Documents/badem/ros2_ws/build/keyboard_input/build/lib
[1.322s] creating /home/encoder/Documents/badem/ros2_ws/build/keyboard_input/build/lib/keyboard_input
[1.322s] copying keyboard_input/__init__.py -> /home/encoder/Documents/badem/ros2_ws/build/keyboard_input/build/lib/keyboard_input
[1.322s] copying keyboard_input/keyboard_subscriber.py -> /home/encoder/Documents/badem/ros2_ws/build/keyboard_input/build/lib/keyboard_input
[1.322s] copying keyboard_input/keyboard_publisher.py -> /home/encoder/Documents/badem/ros2_ws/build/keyboard_input/build/lib/keyboard_input
[1.322s] running install
[1.323s] running install_lib
[1.323s] creating /home/encoder/Documents/badem/ros2_ws/install/keyboard_input/lib/python3.10/site-packages/keyboard_input
[1.324s] copying /home/encoder/Documents/badem/ros2_ws/build/keyboard_input/build/lib/keyboard_input/__init__.py -> /home/encoder/Documents/badem/ros2_ws/install/keyboard_input/lib/python3.10/site-packages/keyboard_input
[1.324s] copying /home/encoder/Documents/badem/ros2_ws/build/keyboard_input/build/lib/keyboard_input/keyboard_subscriber.py -> /home/encoder/Documents/badem/ros2_ws/install/keyboard_input/lib/python3.10/site-packages/keyboard_input
[1.324s] copying /home/encoder/Documents/badem/ros2_ws/build/keyboard_input/build/lib/keyboard_input/keyboard_publisher.py -> /home/encoder/Documents/badem/ros2_ws/install/keyboard_input/lib/python3.10/site-packages/keyboard_input
[1.325s] byte-compiling /home/encoder/Documents/badem/ros2_ws/install/keyboard_input/lib/python3.10/site-packages/keyboard_input/__init__.py to __init__.cpython-310.pyc
[1.325s] byte-compiling /home/encoder/Documents/badem/ros2_ws/install/keyboard_input/lib/python3.10/site-packages/keyboard_input/keyboard_subscriber.py to keyboard_subscriber.cpython-310.pyc
[1.326s] byte-compiling /home/encoder/Documents/badem/ros2_ws/install/keyboard_input/lib/python3.10/site-packages/keyboard_input/keyboard_publisher.py to keyboard_publisher.cpython-310.pyc
[1.327s] running install_egg_info
[1.331s] Copying ../../build/keyboard_input/keyboard_input.egg-info to /home/encoder/Documents/badem/ros2_ws/install/keyboard_input/lib/python3.10/site-packages/keyboard_input-0.0.1-py3.10.egg-info
[1.332s] running install_scripts
[1.367s] Installing keyboard_publisher script to /home/encoder/Documents/badem/ros2_ws/install/keyboard_input/lib/keyboard_input
[1.367s] Installing keyboard_subscriber script to /home/encoder/Documents/badem/ros2_ws/install/keyboard_input/lib/keyboard_input
[1.367s] writing list of installed files to '/home/encoder/Documents/badem/ros2_ws/build/keyboard_input/install.log'
[1.400s] Invoked command in '/home/encoder/Documents/badem/ros2_ws/src/keyboard_input' returned '0': PYTHONPATH=/home/encoder/Documents/badem/ros2_ws/build/keyboard_input/prefix_override:/usr/lib/python3/dist-packages/colcon_core/task/python/colcon_distutils_commands:/home/encoder/Documents/badem/ros2_ws/install/keyboard_input/lib/python3.10/site-packages:${PYTHONPATH} /usr/bin/python3 -W ignore:setup.py install is deprecated -W ignore:easy_install command is deprecated setup.py egg_info --egg-base ../../build/keyboard_input build --build-base /home/encoder/Documents/badem/ros2_ws/build/keyboard_input/build install --record /home/encoder/Documents/badem/ros2_ws/build/keyboard_input/install.log --single-version-externally-managed
