[0.874s] Invoking command in '/home/encoder/Documents/badem/ros2_ws/src/keyboard_input': PYTHONPATH=/home/encoder/Documents/badem/ros2_ws/build/keyboard_input/prefix_override:/usr/lib/python3/dist-packages/colcon_core/task/python/colcon_distutils_commands:/home/encoder/Documents/badem/ros2_ws/install/keyboard_input/lib/python3.10/site-packages:${PYTHONPATH} /usr/bin/python3 -W ignore:setup.py install is deprecated -W ignore:easy_install command is deprecated setup.py egg_info --egg-base ../../build/keyboard_input build --build-base /home/encoder/Documents/badem/ros2_ws/build/keyboard_input/build install --record /home/encoder/Documents/badem/ros2_ws/build/keyboard_input/install.log --single-version-externally-managed
[1.229s] running egg_info
[1.230s] writing ../../build/keyboard_input/keyboard_input.egg-info/PKG-INFO
[1.231s] writing dependency_links to ../../build/keyboard_input/keyboard_input.egg-info/dependency_links.txt
[1.232s] writing entry points to ../../build/keyboard_input/keyboard_input.egg-info/entry_points.txt
[1.232s] writing requirements to ../../build/keyboard_input/keyboard_input.egg-info/requires.txt
[1.232s] writing top-level names to ../../build/keyboard_input/keyboard_input.egg-info/top_level.txt
[1.237s] reading manifest file '../../build/keyboard_input/keyboard_input.egg-info/SOURCES.txt'
[1.237s] adding license file 'LICENSE'
[1.239s] writing manifest file '../../build/keyboard_input/keyboard_input.egg-info/SOURCES.txt'
[1.239s] running build
[1.240s] running build_py
[1.240s] running install
[1.241s] running install_lib
[1.244s] running install_egg_info
[1.249s] removing '/home/encoder/Documents/badem/ros2_ws/install/keyboard_input/lib/python3.10/site-packages/keyboard_input-0.0.1-py3.10.egg-info' (and everything under it)
[1.250s] Copying ../../build/keyboard_input/keyboard_input.egg-info to /home/encoder/Documents/badem/ros2_ws/install/keyboard_input/lib/python3.10/site-packages/keyboard_input-0.0.1-py3.10.egg-info
[1.252s] running install_scripts
[1.285s] Installing keyboard_publisher script to /home/encoder/Documents/badem/ros2_ws/install/keyboard_input/lib/keyboard_input
[1.286s] Installing keyboard_subscriber script to /home/encoder/Documents/badem/ros2_ws/install/keyboard_input/lib/keyboard_input
[1.286s] writing list of installed files to '/home/encoder/Documents/badem/ros2_ws/build/keyboard_input/install.log'
[1.317s] Invoked command in '/home/encoder/Documents/badem/ros2_ws/src/keyboard_input' returned '0': PYTHONPATH=/home/encoder/Documents/badem/ros2_ws/build/keyboard_input/prefix_override:/usr/lib/python3/dist-packages/colcon_core/task/python/colcon_distutils_commands:/home/encoder/Documents/badem/ros2_ws/install/keyboard_input/lib/python3.10/site-packages:${PYTHONPATH} /usr/bin/python3 -W ignore:setup.py install is deprecated -W ignore:easy_install command is deprecated setup.py egg_info --egg-base ../../build/keyboard_input build --build-base /home/encoder/Documents/badem/ros2_ws/build/keyboard_input/build install --record /home/encoder/Documents/badem/ros2_ws/build/keyboard_input/install.log --single-version-externally-managed
