[1.170s] Invoking command in '/home/badem-robot/ros2_ws/src/keyboard_input': PYTHONPATH=/home/badem-robot/ros2_ws/build/keyboard_input/prefix_override:/usr/lib/python3/dist-packages/colcon_core/task/python/colcon_distutils_commands:/home/badem-robot/ros2_ws/install/keyboard_input/lib/python3.12/site-packages:${PYTHONPATH} /usr/bin/python3 -W ignore:setup.py install is deprecated -W ignore:easy_install command is deprecated setup.py egg_info --egg-base ../../build/keyboard_input build --build-base /home/badem-robot/ros2_ws/build/keyboard_input/build install --record /home/badem-robot/ros2_ws/build/keyboard_input/install.log --single-version-externally-managed install_data
[1.441s] running egg_info
[1.454s] writing ../../build/keyboard_input/keyboard_input.egg-info/PKG-INFO
[1.457s] writing dependency_links to ../../build/keyboard_input/keyboard_input.egg-info/dependency_links.txt
[1.458s] writing entry points to ../../build/keyboard_input/keyboard_input.egg-info/entry_points.txt
[1.458s] writing requirements to ../../build/keyboard_input/keyboard_input.egg-info/requires.txt
[1.458s] writing top-level names to ../../build/keyboard_input/keyboard_input.egg-info/top_level.txt
[1.489s] reading manifest file '../../build/keyboard_input/keyboard_input.egg-info/SOURCES.txt'
[1.490s] adding license file 'LICENSE'
[1.490s] writing manifest file '../../build/keyboard_input/keyboard_input.egg-info/SOURCES.txt'
[1.491s] running build
[1.491s] running build_py
[1.492s] running install
[1.501s] running install_lib
[1.518s] running install_data
[1.518s] running install_egg_info
[1.535s] removing '/home/badem-robot/ros2_ws/install/keyboard_input/lib/python3.12/site-packages/keyboard_input-0.0.0-py3.12.egg-info' (and everything under it)
[1.535s] Copying ../../build/keyboard_input/keyboard_input.egg-info to /home/badem-robot/ros2_ws/install/keyboard_input/lib/python3.12/site-packages/keyboard_input-0.0.0-py3.12.egg-info
[1.536s] running install_scripts
[1.660s] Installing get_keyboard_input script to /home/badem-robot/ros2_ws/install/keyboard_input/lib/keyboard_input
[1.661s] writing list of installed files to '/home/badem-robot/ros2_ws/build/keyboard_input/install.log'
[1.735s] Invoked command in '/home/badem-robot/ros2_ws/src/keyboard_input' returned '0': PYTHONPATH=/home/badem-robot/ros2_ws/build/keyboard_input/prefix_override:/usr/lib/python3/dist-packages/colcon_core/task/python/colcon_distutils_commands:/home/badem-robot/ros2_ws/install/keyboard_input/lib/python3.12/site-packages:${PYTHONPATH} /usr/bin/python3 -W ignore:setup.py install is deprecated -W ignore:easy_install command is deprecated setup.py egg_info --egg-base ../../build/keyboard_input build --build-base /home/badem-robot/ros2_ws/build/keyboard_input/build install --record /home/badem-robot/ros2_ws/build/keyboard_input/install.log --single-version-externally-managed install_data
