[1.529s] Invoking command in '/home/badem-robot/ros2_ws/src/keyboard_input': PYTHONPATH=/home/badem-robot/ros2_ws/build/keyboard_input/prefix_override:/usr/lib/python3/dist-packages/colcon_core/task/python/colcon_distutils_commands:/home/badem-robot/ros2_ws/install/keyboard_input/lib/python3.12/site-packages:${PYTHONPATH} /usr/bin/python3 -W ignore:setup.py install is deprecated -W ignore:easy_install command is deprecated setup.py egg_info --egg-base ../../build/keyboard_input build --build-base /home/badem-robot/ros2_ws/build/keyboard_input/build install --record /home/badem-robot/ros2_ws/build/keyboard_input/install.log --single-version-externally-managed install_data
[2.005s] running egg_info
[2.005s] creating ../../build/keyboard_input/keyboard_input.egg-info
[2.030s] writing ../../build/keyboard_input/keyboard_input.egg-info/PKG-INFO
[2.030s] writing dependency_links to ../../build/keyboard_input/keyboard_input.egg-info/dependency_links.txt
[2.030s] writing entry points to ../../build/keyboard_input/keyboard_input.egg-info/entry_points.txt
[2.030s] writing requirements to ../../build/keyboard_input/keyboard_input.egg-info/requires.txt
[2.031s] writing top-level names to ../../build/keyboard_input/keyboard_input.egg-info/top_level.txt
[2.031s] writing manifest file '../../build/keyboard_input/keyboard_input.egg-info/SOURCES.txt'
[2.109s] reading manifest file '../../build/keyboard_input/keyboard_input.egg-info/SOURCES.txt'
[2.109s] adding license file 'LICENSE'
[2.111s] writing manifest file '../../build/keyboard_input/keyboard_input.egg-info/SOURCES.txt'
[2.111s] running build
[2.111s] running build_py
[2.112s] creating /home/badem-robot/ros2_ws/build/keyboard_input/build
[2.112s] creating /home/badem-robot/ros2_ws/build/keyboard_input/build/lib
[2.112s] creating /home/badem-robot/ros2_ws/build/keyboard_input/build/lib/keyboard_input
[2.112s] copying keyboard_input/get_keyboard_input.py -> /home/badem-robot/ros2_ws/build/keyboard_input/build/lib/keyboard_input
[2.113s] copying keyboard_input/__init__.py -> /home/badem-robot/ros2_ws/build/keyboard_input/build/lib/keyboard_input
[2.113s] running install
[2.134s] running install_lib
[2.176s] creating /home/badem-robot/ros2_ws/install/keyboard_input/lib/python3.12/site-packages/keyboard_input
[2.176s] copying /home/badem-robot/ros2_ws/build/keyboard_input/build/lib/keyboard_input/get_keyboard_input.py -> /home/badem-robot/ros2_ws/install/keyboard_input/lib/python3.12/site-packages/keyboard_input
[2.176s] copying /home/badem-robot/ros2_ws/build/keyboard_input/build/lib/keyboard_input/__init__.py -> /home/badem-robot/ros2_ws/install/keyboard_input/lib/python3.12/site-packages/keyboard_input
[2.177s] byte-compiling /home/badem-robot/ros2_ws/install/keyboard_input/lib/python3.12/site-packages/keyboard_input/get_keyboard_input.py to get_keyboard_input.cpython-312.pyc
[2.178s] byte-compiling /home/badem-robot/ros2_ws/install/keyboard_input/lib/python3.12/site-packages/keyboard_input/__init__.py to __init__.cpython-312.pyc
[2.178s] running install_data
[2.178s] creating /home/badem-robot/ros2_ws/install/keyboard_input/share/ament_index
[2.178s] creating /home/badem-robot/ros2_ws/install/keyboard_input/share/ament_index/resource_index
[2.178s] creating /home/badem-robot/ros2_ws/install/keyboard_input/share/ament_index/resource_index/packages
[2.178s] copying resource/keyboard_input -> /home/badem-robot/ros2_ws/install/keyboard_input/share/ament_index/resource_index/packages
[2.178s] copying package.xml -> /home/badem-robot/ros2_ws/install/keyboard_input/share/keyboard_input
[2.179s] running install_egg_info
[2.206s] Copying ../../build/keyboard_input/keyboard_input.egg-info to /home/badem-robot/ros2_ws/install/keyboard_input/lib/python3.12/site-packages/keyboard_input-0.0.0-py3.12.egg-info
[2.207s] running install_scripts
[2.444s] Installing get_keyboard_input script to /home/badem-robot/ros2_ws/install/keyboard_input/lib/keyboard_input
[2.444s] writing list of installed files to '/home/badem-robot/ros2_ws/build/keyboard_input/install.log'
[2.544s] Invoked command in '/home/badem-robot/ros2_ws/src/keyboard_input' returned '0': PYTHONPATH=/home/badem-robot/ros2_ws/build/keyboard_input/prefix_override:/usr/lib/python3/dist-packages/colcon_core/task/python/colcon_distutils_commands:/home/badem-robot/ros2_ws/install/keyboard_input/lib/python3.12/site-packages:${PYTHONPATH} /usr/bin/python3 -W ignore:setup.py install is deprecated -W ignore:easy_install command is deprecated setup.py egg_info --egg-base ../../build/keyboard_input build --build-base /home/badem-robot/ros2_ws/build/keyboard_input/build install --record /home/badem-robot/ros2_ws/build/keyboard_input/install.log --single-version-externally-managed install_data
