running egg_info
creating ../../build/keyboard_input/keyboard_input.egg-info
writing ../../build/keyboard_input/keyboard_input.egg-info/PKG-INFO
writing dependency_links to ../../build/keyboard_input/keyboard_input.egg-info/dependency_links.txt
writing entry points to ../../build/keyboard_input/keyboard_input.egg-info/entry_points.txt
writing requirements to ../../build/keyboard_input/keyboard_input.egg-info/requires.txt
writing top-level names to ../../build/keyboard_input/keyboard_input.egg-info/top_level.txt
writing manifest file '../../build/keyboard_input/keyboard_input.egg-info/SOURCES.txt'
reading manifest file '../../build/keyboard_input/keyboard_input.egg-info/SOURCES.txt'
adding license file 'LICENSE'
writing manifest file '../../build/keyboard_input/keyboard_input.egg-info/SOURCES.txt'
running build
running build_py
creating /home/encoder/Documents/badem/ros2_ws/build/keyboard_input/build
creating /home/encoder/Documents/badem/ros2_ws/build/keyboard_input/build/lib
creating /home/encoder/Documents/badem/ros2_ws/build/keyboard_input/build/lib/keyboard_input
copying keyboard_input/__init__.py -> /home/encoder/Documents/badem/ros2_ws/build/keyboard_input/build/lib/keyboard_input
copying keyboard_input/keyboard_subscriber.py -> /home/encoder/Documents/badem/ros2_ws/build/keyboard_input/build/lib/keyboard_input
copying keyboard_input/keyboard_publisher.py -> /home/encoder/Documents/badem/ros2_ws/build/keyboard_input/build/lib/keyboard_input
running install
running install_lib
creating /home/encoder/Documents/badem/ros2_ws/install/keyboard_input/lib/python3.10/site-packages/keyboard_input
copying /home/encoder/Documents/badem/ros2_ws/build/keyboard_input/build/lib/keyboard_input/__init__.py -> /home/encoder/Documents/badem/ros2_ws/install/keyboard_input/lib/python3.10/site-packages/keyboard_input
copying /home/encoder/Documents/badem/ros2_ws/build/keyboard_input/build/lib/keyboard_input/keyboard_subscriber.py -> /home/encoder/Documents/badem/ros2_ws/install/keyboard_input/lib/python3.10/site-packages/keyboard_input
copying /home/encoder/Documents/badem/ros2_ws/build/keyboard_input/build/lib/keyboard_input/keyboard_publisher.py -> /home/encoder/Documents/badem/ros2_ws/install/keyboard_input/lib/python3.10/site-packages/keyboard_input
byte-compiling /home/encoder/Documents/badem/ros2_ws/install/keyboard_input/lib/python3.10/site-packages/keyboard_input/__init__.py to __init__.cpython-310.pyc
byte-compiling /home/encoder/Documents/badem/ros2_ws/install/keyboard_input/lib/python3.10/site-packages/keyboard_input/keyboard_subscriber.py to keyboard_subscriber.cpython-310.pyc
byte-compiling /home/encoder/Documents/badem/ros2_ws/install/keyboard_input/lib/python3.10/site-packages/keyboard_input/keyboard_publisher.py to keyboard_publisher.cpython-310.pyc
running install_data
creating /home/encoder/Documents/badem/ros2_ws/install/keyboard_input/share/ament_index
creating /home/encoder/Documents/badem/ros2_ws/install/keyboard_input/share/ament_index/resource_index
creating /home/encoder/Documents/badem/ros2_ws/install/keyboard_input/share/ament_index/resource_index/packages
copying resource/keyboard_input -> /home/encoder/Documents/badem/ros2_ws/install/keyboard_input/share/ament_index/resource_index/packages
copying package.xml -> /home/encoder/Documents/badem/ros2_ws/install/keyboard_input/share/keyboard_input
running install_egg_info
Copying ../../build/keyboard_input/keyboard_input.egg-info to /home/encoder/Documents/badem/ros2_ws/install/keyboard_input/lib/python3.10/site-packages/keyboard_input-0.0.0-py3.10.egg-info
running install_scripts
writing list of installed files to '/home/encoder/Documents/badem/ros2_ws/build/keyboard_input/install.log'
