[0.912s] Invoking command in '/home/encoder/Documents/badem/ros2_ws/src/keyboard_input': PYTHONPATH=/home/encoder/Documents/badem/ros2_ws/build/keyboard_input/prefix_override:/usr/lib/python3/dist-packages/colcon_core/task/python/colcon_distutils_commands:/home/encoder/Documents/badem/ros2_ws/install/keyboard_input/lib/python3.10/site-packages:${PYTHONPATH} /usr/bin/python3 -W ignore:setup.py install is deprecated -W ignore:easy_install command is deprecated setup.py egg_info --egg-base ../../build/keyboard_input build --build-base /home/encoder/Documents/badem/ros2_ws/build/keyboard_input/build install --record /home/encoder/Documents/badem/ros2_ws/build/keyboard_input/install.log --single-version-externally-managed install_data
[1.241s] running egg_info
[1.242s] creating ../../build/keyboard_input/keyboard_input.egg-info
[1.242s] writing ../../build/keyboard_input/keyboard_input.egg-info/PKG-INFO
[1.243s] writing dependency_links to ../../build/keyboard_input/keyboard_input.egg-info/dependency_links.txt
[1.243s] writing entry points to ../../build/keyboard_input/keyboard_input.egg-info/entry_points.txt
[1.243s] writing requirements to ../../build/keyboard_input/keyboard_input.egg-info/requires.txt
[1.243s] writing top-level names to ../../build/keyboard_input/keyboard_input.egg-info/top_level.txt
[1.243s] writing manifest file '../../build/keyboard_input/keyboard_input.egg-info/SOURCES.txt'
[1.245s] reading manifest file '../../build/keyboard_input/keyboard_input.egg-info/SOURCES.txt'
[1.245s] adding license file 'LICENSE'
[1.247s] writing manifest file '../../build/keyboard_input/keyboard_input.egg-info/SOURCES.txt'
[1.247s] running build
[1.247s] running build_py
[1.247s] creating /home/encoder/Documents/badem/ros2_ws/build/keyboard_input/build
[1.247s] creating /home/encoder/Documents/badem/ros2_ws/build/keyboard_input/build/lib
[1.247s] creating /home/encoder/Documents/badem/ros2_ws/build/keyboard_input/build/lib/keyboard_input
[1.248s] copying keyboard_input/__init__.py -> /home/encoder/Documents/badem/ros2_ws/build/keyboard_input/build/lib/keyboard_input
[1.248s] copying keyboard_input/keyboard_subscriber.py -> /home/encoder/Documents/badem/ros2_ws/build/keyboard_input/build/lib/keyboard_input
[1.248s] copying keyboard_input/keyboard_publisher.py -> /home/encoder/Documents/badem/ros2_ws/build/keyboard_input/build/lib/keyboard_input
[1.248s] running install
[1.248s] running install_lib
[1.249s] creating /home/encoder/Documents/badem/ros2_ws/install/keyboard_input/lib/python3.10/site-packages/keyboard_input
[1.250s] copying /home/encoder/Documents/badem/ros2_ws/build/keyboard_input/build/lib/keyboard_input/__init__.py -> /home/encoder/Documents/badem/ros2_ws/install/keyboard_input/lib/python3.10/site-packages/keyboard_input
[1.251s] copying /home/encoder/Documents/badem/ros2_ws/build/keyboard_input/build/lib/keyboard_input/keyboard_subscriber.py -> /home/encoder/Documents/badem/ros2_ws/install/keyboard_input/lib/python3.10/site-packages/keyboard_input
[1.251s] copying /home/encoder/Documents/badem/ros2_ws/build/keyboard_input/build/lib/keyboard_input/keyboard_publisher.py -> /home/encoder/Documents/badem/ros2_ws/install/keyboard_input/lib/python3.10/site-packages/keyboard_input
[1.251s] byte-compiling /home/encoder/Documents/badem/ros2_ws/install/keyboard_input/lib/python3.10/site-packages/keyboard_input/__init__.py to __init__.cpython-310.pyc
[1.251s] byte-compiling /home/encoder/Documents/badem/ros2_ws/install/keyboard_input/lib/python3.10/site-packages/keyboard_input/keyboard_subscriber.py to keyboard_subscriber.cpython-310.pyc
[1.252s] byte-compiling /home/encoder/Documents/badem/ros2_ws/install/keyboard_input/lib/python3.10/site-packages/keyboard_input/keyboard_publisher.py to keyboard_publisher.cpython-310.pyc
[1.253s] running install_data
[1.253s] creating /home/encoder/Documents/badem/ros2_ws/install/keyboard_input/share/ament_index
[1.253s] creating /home/encoder/Documents/badem/ros2_ws/install/keyboard_input/share/ament_index/resource_index
[1.253s] creating /home/encoder/Documents/badem/ros2_ws/install/keyboard_input/share/ament_index/resource_index/packages
[1.253s] copying resource/keyboard_input -> /home/encoder/Documents/badem/ros2_ws/install/keyboard_input/share/ament_index/resource_index/packages
[1.253s] copying package.xml -> /home/encoder/Documents/badem/ros2_ws/install/keyboard_input/share/keyboard_input
[1.254s] running install_egg_info
[1.256s] Copying ../../build/keyboard_input/keyboard_input.egg-info to /home/encoder/Documents/badem/ros2_ws/install/keyboard_input/lib/python3.10/site-packages/keyboard_input-0.0.0-py3.10.egg-info
[1.257s] running install_scripts
[1.288s] writing list of installed files to '/home/encoder/Documents/badem/ros2_ws/build/keyboard_input/install.log'
[1.319s] Invoked command in '/home/encoder/Documents/badem/ros2_ws/src/keyboard_input' returned '0': PYTHONPATH=/home/encoder/Documents/badem/ros2_ws/build/keyboard_input/prefix_override:/usr/lib/python3/dist-packages/colcon_core/task/python/colcon_distutils_commands:/home/encoder/Documents/badem/ros2_ws/install/keyboard_input/lib/python3.10/site-packages:${PYTHONPATH} /usr/bin/python3 -W ignore:setup.py install is deprecated -W ignore:easy_install command is deprecated setup.py egg_info --egg-base ../../build/keyboard_input build --build-base /home/encoder/Documents/badem/ros2_ws/build/keyboard_input/build install --record /home/encoder/Documents/badem/ros2_ws/build/keyboard_input/install.log --single-version-externally-managed install_data
