[0.358s] Invoking command in '/home/encoder/Belgeler/bademRobot/src/keyboard_input': PYTHONPATH=/home/encoder/Belgeler/bademRobot/build/keyboard_input/prefix_override:/usr/lib/python3/dist-packages/colcon_core/task/python/colcon_distutils_commands:/home/encoder/Belgeler/bademRobot/install/keyboard_input/lib/python3.10/site-packages:${PYTHONPATH} /usr/bin/python3 -W ignore:setup.py install is deprecated -W ignore:easy_install command is deprecated setup.py egg_info --egg-base ../../build/keyboard_input build --build-base /home/encoder/Belgeler/bademRobot/build/keyboard_input/build install --record /home/encoder/Belgeler/bademRobot/build/keyboard_input/install.log --install-scripts $base/lib/keyboard_input --single-version-externally-managed install_data
[0.485s] /usr/lib/python3/dist-packages/setuptools/dist.py:723: UserWarning: Usage of dash-separated 'script-dir' will not be supported in future versions. Please use the underscore name 'script_dir' instead
[0.485s]   warnings.warn(
[0.489s] running egg_info
[0.489s] writing ../../build/keyboard_input/keyboard_input.egg-info/PKG-INFO
[0.490s] writing dependency_links to ../../build/keyboard_input/keyboard_input.egg-info/dependency_links.txt
[0.490s] writing entry points to ../../build/keyboard_input/keyboard_input.egg-info/entry_points.txt
[0.490s] writing requirements to ../../build/keyboard_input/keyboard_input.egg-info/requires.txt
[0.490s] writing top-level names to ../../build/keyboard_input/keyboard_input.egg-info/top_level.txt
[0.491s] reading manifest file '../../build/keyboard_input/keyboard_input.egg-info/SOURCES.txt'
[0.491s] writing manifest file '../../build/keyboard_input/keyboard_input.egg-info/SOURCES.txt'
[0.492s] running build
[0.492s] running build_py
[0.492s] running install
[0.492s] running install_lib
[0.492s] running install_data
[0.492s] running install_egg_info
[0.494s] removing '/home/encoder/Belgeler/bademRobot/install/keyboard_input/lib/python3.10/site-packages/keyboard_input-0.0.0-py3.10.egg-info' (and everything under it)
[0.494s] Copying ../../build/keyboard_input/keyboard_input.egg-info to /home/encoder/Belgeler/bademRobot/install/keyboard_input/lib/python3.10/site-packages/keyboard_input-0.0.0-py3.10.egg-info
[0.494s] running install_scripts
[0.506s] Installing get_keyboard_input script to /home/encoder/Belgeler/bademRobot/install/keyboard_input/lib/keyboard_input
[0.507s] writing list of installed files to '/home/encoder/Belgeler/bademRobot/build/keyboard_input/install.log'
[0.522s] Invoked command in '/home/encoder/Belgeler/bademRobot/src/keyboard_input' returned '0': PYTHONPATH=/home/encoder/Belgeler/bademRobot/build/keyboard_input/prefix_override:/usr/lib/python3/dist-packages/colcon_core/task/python/colcon_distutils_commands:/home/encoder/Belgeler/bademRobot/install/keyboard_input/lib/python3.10/site-packages:${PYTHONPATH} /usr/bin/python3 -W ignore:setup.py install is deprecated -W ignore:easy_install command is deprecated setup.py egg_info --egg-base ../../build/keyboard_input build --build-base /home/encoder/Belgeler/bademRobot/build/keyboard_input/build install --record /home/encoder/Belgeler/bademRobot/build/keyboard_input/install.log --install-scripts $base/lib/keyboard_input --single-version-externally-managed install_data
