[0.939s] Invoking command in '/home/encoder/Belgeler/bademRobot/src/keyboard_input': PYTHONPATH=/home/encoder/Belgeler/bademRobot/build/keyboard_input/prefix_override:/usr/lib/python3/dist-packages/colcon_core/task/python/colcon_distutils_commands:/home/encoder/Belgeler/bademRobot/install/keyboard_input/lib/python3.10/site-packages:${PYTHONPATH} /usr/bin/python3 -W ignore:setup.py install is deprecated -W ignore:easy_install command is deprecated setup.py egg_info --egg-base ../../build/keyboard_input build --build-base /home/encoder/Belgeler/bademRobot/build/keyboard_input/build install --record /home/encoder/Belgeler/bademRobot/build/keyboard_input/install.log --install-scripts $base/lib/keyboard_input --single-version-externally-managed install_data
[1.232s] /usr/lib/python3/dist-packages/setuptools/dist.py:723: UserWarning: Usage of dash-separated 'script-dir' will not be supported in future versions. Please use the underscore name 'script_dir' instead
[1.233s]   warnings.warn(
[1.244s] running egg_info
[1.245s] writing ../../build/keyboard_input/keyboard_input.egg-info/PKG-INFO
[1.246s] writing dependency_links to ../../build/keyboard_input/keyboard_input.egg-info/dependency_links.txt
[1.246s] writing entry points to ../../build/keyboard_input/keyboard_input.egg-info/entry_points.txt
[1.246s] writing requirements to ../../build/keyboard_input/keyboard_input.egg-info/requires.txt
[1.246s] writing top-level names to ../../build/keyboard_input/keyboard_input.egg-info/top_level.txt
[1.248s] reading manifest file '../../build/keyboard_input/keyboard_input.egg-info/SOURCES.txt'
[1.250s] writing manifest file '../../build/keyboard_input/keyboard_input.egg-info/SOURCES.txt'
[1.250s] running build
[1.250s] running build_py
[1.250s] copying keyboard_input/get_keyboard_input.py -> /home/encoder/Belgeler/bademRobot/build/keyboard_input/build/lib/keyboard_input
[1.251s] running install
[1.251s] running install_lib
[1.252s] copying /home/encoder/Belgeler/bademRobot/build/keyboard_input/build/lib/keyboard_input/get_keyboard_input.py -> /home/encoder/Belgeler/bademRobot/install/keyboard_input/lib/python3.10/site-packages/keyboard_input
[1.252s] byte-compiling /home/encoder/Belgeler/bademRobot/install/keyboard_input/lib/python3.10/site-packages/keyboard_input/get_keyboard_input.py to get_keyboard_input.cpython-310.pyc
[1.253s] running install_data
[1.253s] running install_egg_info
[1.256s] removing '/home/encoder/Belgeler/bademRobot/install/keyboard_input/lib/python3.10/site-packages/keyboard_input-0.0.0-py3.10.egg-info' (and everything under it)
[1.256s] Copying ../../build/keyboard_input/keyboard_input.egg-info to /home/encoder/Belgeler/bademRobot/install/keyboard_input/lib/python3.10/site-packages/keyboard_input-0.0.0-py3.10.egg-info
[1.257s] running install_scripts
[1.287s] Installing get_keyboard_input script to /home/encoder/Belgeler/bademRobot/install/keyboard_input/lib/keyboard_input
[1.287s] writing list of installed files to '/home/encoder/Belgeler/bademRobot/build/keyboard_input/install.log'
[1.321s] Invoked command in '/home/encoder/Belgeler/bademRobot/src/keyboard_input' returned '0': PYTHONPATH=/home/encoder/Belgeler/bademRobot/build/keyboard_input/prefix_override:/usr/lib/python3/dist-packages/colcon_core/task/python/colcon_distutils_commands:/home/encoder/Belgeler/bademRobot/install/keyboard_input/lib/python3.10/site-packages:${PYTHONPATH} /usr/bin/python3 -W ignore:setup.py install is deprecated -W ignore:easy_install command is deprecated setup.py egg_info --egg-base ../../build/keyboard_input build --build-base /home/encoder/Belgeler/bademRobot/build/keyboard_input/build install --record /home/encoder/Belgeler/bademRobot/build/keyboard_input/install.log --install-scripts $base/lib/keyboard_input --single-version-externally-managed install_data
