[1.321s] Invoking command in '/home/encoder/Documents/badem/ros2_ws/src/keyboard_input': PYTHONPATH=/home/encoder/Documents/badem/ros2_ws/build/keyboard_input/prefix_override:/usr/lib/python3/dist-packages/colcon_core/task/python/colcon_distutils_commands:/home/encoder/Documents/badem/ros2_ws/install/keyboard_input/lib/python3.10/site-packages:${PYTHONPATH} /usr/bin/python3 -W ignore:setup.py install is deprecated -W ignore:easy_install command is deprecated setup.py egg_info --egg-base ../../build/keyboard_input build --build-base /home/encoder/Documents/badem/ros2_ws/build/keyboard_input/build install --record /home/encoder/Documents/badem/ros2_ws/build/keyboard_input/install.log --single-version-externally-managed install_data
[2.013s] running egg_info
[2.015s] writing ../../build/keyboard_input/keyboard_input.egg-info/PKG-INFO
[2.016s] writing dependency_links to ../../build/keyboard_input/keyboard_input.egg-info/dependency_links.txt
[2.017s] writing entry points to ../../build/keyboard_input/keyboard_input.egg-info/entry_points.txt
[2.017s] writing requirements to ../../build/keyboard_input/keyboard_input.egg-info/requires.txt
[2.018s] writing top-level names to ../../build/keyboard_input/keyboard_input.egg-info/top_level.txt
[2.023s] reading manifest file '../../build/keyboard_input/keyboard_input.egg-info/SOURCES.txt'
[2.024s] adding license file 'LICENSE'
[2.027s] writing manifest file '../../build/keyboard_input/keyboard_input.egg-info/SOURCES.txt'
[2.027s] running build
[2.028s] running build_py
[2.028s] running install
[2.029s] running install_lib
[2.035s] running install_data
[2.035s] running install_egg_info
[2.041s] removing '/home/encoder/Documents/badem/ros2_ws/install/keyboard_input/lib/python3.10/site-packages/keyboard_input-0.0.0-py3.10.egg-info' (and everything under it)
[2.042s] Copying ../../build/keyboard_input/keyboard_input.egg-info to /home/encoder/Documents/badem/ros2_ws/install/keyboard_input/lib/python3.10/site-packages/keyboard_input-0.0.0-py3.10.egg-info
[2.044s] running install_scripts
[2.122s] writing list of installed files to '/home/encoder/Documents/badem/ros2_ws/build/keyboard_input/install.log'
[2.188s] Invoked command in '/home/encoder/Documents/badem/ros2_ws/src/keyboard_input' returned '0': PYTHONPATH=/home/encoder/Documents/badem/ros2_ws/build/keyboard_input/prefix_override:/usr/lib/python3/dist-packages/colcon_core/task/python/colcon_distutils_commands:/home/encoder/Documents/badem/ros2_ws/install/keyboard_input/lib/python3.10/site-packages:${PYTHONPATH} /usr/bin/python3 -W ignore:setup.py install is deprecated -W ignore:easy_install command is deprecated setup.py egg_info --egg-base ../../build/keyboard_input build --build-base /home/encoder/Documents/badem/ros2_ws/build/keyboard_input/build install --record /home/encoder/Documents/badem/ros2_ws/build/keyboard_input/install.log --single-version-externally-managed install_data
