[0.922s] Invoking command in '/home/encoder/Documents/badem/ros2_ws/src/keyboard_input': PYTHONPATH=/home/encoder/Documents/badem/ros2_ws/build/keyboard_input/prefix_override:/usr/lib/python3/dist-packages/colcon_core/task/python/colcon_distutils_commands:/home/encoder/Documents/badem/ros2_ws/install/keyboard_input/lib/python3.10/site-packages:${PYTHONPATH} /usr/bin/python3 -W ignore:setup.py install is deprecated -W ignore:easy_install command is deprecated setup.py egg_info --egg-base ../../build/keyboard_input build --build-base /home/encoder/Documents/badem/ros2_ws/build/keyboard_input/build install --record /home/encoder/Documents/badem/ros2_ws/build/keyboard_input/install.log --single-version-externally-managed
[1.281s] running egg_info
[1.282s] writing ../../build/keyboard_input/keyboard_input.egg-info/PKG-INFO
[1.282s] writing dependency_links to ../../build/keyboard_input/keyboard_input.egg-info/dependency_links.txt
[1.282s] writing entry points to ../../build/keyboard_input/keyboard_input.egg-info/entry_points.txt
[1.283s] writing requirements to ../../build/keyboard_input/keyboard_input.egg-info/requires.txt
[1.283s] writing top-level names to ../../build/keyboard_input/keyboard_input.egg-info/top_level.txt
[1.285s] reading manifest file '../../build/keyboard_input/keyboard_input.egg-info/SOURCES.txt'
[1.285s] adding license file 'LICENSE'
[1.286s] writing manifest file '../../build/keyboard_input/keyboard_input.egg-info/SOURCES.txt'
[1.286s] running build
[1.286s] running build_py
[1.287s] running install
[1.287s] running install_lib
[1.288s] running install_egg_info
[1.291s] Copying ../../build/keyboard_input/keyboard_input.egg-info to /home/encoder/Documents/badem/ros2_ws/install/keyboard_input/lib/python3.10/site-packages/keyboard_input-0.0.1-py3.10.egg-info
[1.292s] running install_scripts
[1.323s] Installing keyboard_publisher script to /home/encoder/Documents/badem/ros2_ws/install/keyboard_input/lib/keyboard_input
[1.323s] Installing keyboard_subscriber script to /home/encoder/Documents/badem/ros2_ws/install/keyboard_input/lib/keyboard_input
[1.323s] writing list of installed files to '/home/encoder/Documents/badem/ros2_ws/build/keyboard_input/install.log'
[1.359s] Invoked command in '/home/encoder/Documents/badem/ros2_ws/src/keyboard_input' returned '0': PYTHONPATH=/home/encoder/Documents/badem/ros2_ws/build/keyboard_input/prefix_override:/usr/lib/python3/dist-packages/colcon_core/task/python/colcon_distutils_commands:/home/encoder/Documents/badem/ros2_ws/install/keyboard_input/lib/python3.10/site-packages:${PYTHONPATH} /usr/bin/python3 -W ignore:setup.py install is deprecated -W ignore:easy_install command is deprecated setup.py egg_info --egg-base ../../build/keyboard_input build --build-base /home/encoder/Documents/badem/ros2_ws/build/keyboard_input/build install --record /home/encoder/Documents/badem/ros2_ws/build/keyboard_input/install.log --single-version-externally-managed
